<?xml version="1.0" encoding="UTF-8"?>
<!-- Generated by org.testng.reporters.JUnitReportReporter -->
<testsuite skipped="1" hostname="DESKTOP-1L1LM8K" name="org.adactin.TestMaven2" tests="11" failures="0" timestamp="02 Sep 2021 05:03:10 GMT" time="22.161" errors="0">
  <testcase name="testClass12" time="0.998" classname="org.adactin.TestMaven2"/>
  <testcase name="testClass16" time="0.043" classname="org.adactin.TestMaven2"/>
  <testcase name="testClass11" time="7.226" classname="org.adactin.TestMaven2"/>
  <testcase name="testClass13" time="4.978" classname="org.adactin.TestMaven2"/>
  <testcase name="testClass15" time="2.352" classname="org.adactin.TestMaven2"/>
  <testcase name="testClass16" time="5.787" classname="org.adactin.TestMaven2"/>
  <testcase name="testClass16" time="0.041" classname="org.adactin.TestMaven2"/>
  <testcase name="testClass16" time="0.032" classname="org.adactin.TestMaven2"/>
  <testcase name="testClass16" time="0.037" classname="org.adactin.TestMaven2"/>
  <testcase name="testClass14" time="0.667" classname="org.adactin.TestMaven2"/>
  <testcase name="testClass7" classname="org.adactin.TestMaven2">
    <skipped/>
  </testcase> <!-- testClass7 -->
</testsuite> <!-- org.adactin.TestMaven2 -->
