<?xml version="1.0" encoding="UTF-8"?>
<!-- Generated by org.testng.reporters.JUnitReportReporter -->
<testsuite hostname="DESKTOP-1L1LM8K" failures="0" tests="1" name="org.adactin.TestMaven" time="0.000" errors="0" timestamp="2022-01-17T21:00:16 IST" skipped="1">
  <testcase classname="org.adactin.TestMaven" name="test" time="0.000">
    <skipped/>
  </testcase> <!-- test -->
  <system-out/>
</testsuite> <!-- org.adactin.TestMaven -->
